Mar 28, 2018 9:12:03 PM org.apache.catalina.startup.VersionLoggerListener log
INFO: Server version:        Apache Tomcat/7.0.82
Mar 28, 2018 9:12:03 PM org.apache.catalina.startup.VersionLoggerListener log
INFO: Server built:          Sep 29 2017 12:23:15 UTC
Mar 28, 2018 9:12:03 PM org.apache.catalina.startup.VersionLoggerListener log
INFO: Server number:         7.0.82.0
Mar 28, 2018 9:12:03 PM org.apache.catalina.startup.VersionLoggerListener log
INFO: OS Name:               Mac OS X
Mar 28, 2018 9:12:03 PM org.apache.catalina.startup.VersionLoggerListener log
INFO: OS Version:            10.13.2
Mar 28, 2018 9:12:03 PM org.apache.catalina.startup.VersionLoggerListener log
INFO: Architecture:          x86_64
Mar 28, 2018 9:12:03 PM org.apache.catalina.startup.VersionLoggerListener log
INFO: Java Home:             /Library/Java/JavaVirtualMachines/jdk1.8.0_144.jdk/Contents/Home/jre
Mar 28, 2018 9:12:03 PM org.apache.catalina.startup.VersionLoggerListener log
INFO: JVM Version:           1.8.0_144-b01
Mar 28, 2018 9:12:03 PM org.apache.catalina.startup.VersionLoggerListener log
INFO: JVM Vendor:            Oracle Corporation
Mar 28, 2018 9:12:03 PM org.apache.catalina.startup.VersionLoggerListener log
INFO: CATALINA_BASE:         /Users/chengzhengbo/Documents/dubboAdmin8080-7.0.82
Mar 28, 2018 9:12:03 PM org.apache.catalina.startup.VersionLoggerListener log
INFO: CATALINA_HOME:         /Users/chengzhengbo/Documents/dubboAdmin8080-7.0.82
Mar 28, 2018 9:12:03 PM org.apache.catalina.startup.VersionLoggerListener log
INFO: Command line argument: -Djava.util.logging.config.file=/Users/chengzhengbo/Documents/dubboAdmin8080-7.0.82/conf/logging.properties
Mar 28, 2018 9:12:03 PM org.apache.catalina.startup.VersionLoggerListener log
INFO: Command line argument: -Djava.util.logging.manager=org.apache.juli.ClassLoaderLogManager
Mar 28, 2018 9:12:03 PM org.apache.catalina.startup.VersionLoggerListener log
INFO: Command line argument: -Djdk.tls.ephemeralDHKeySize=2048
Mar 28, 2018 9:12:03 PM org.apache.catalina.startup.VersionLoggerListener log
INFO: Command line argument: -Djava.endorsed.dirs=/Users/chengzhengbo/Documents/dubboAdmin8080-7.0.82/endorsed
Mar 28, 2018 9:12:03 PM org.apache.catalina.startup.VersionLoggerListener log
INFO: Command line argument: -Dcatalina.base=/Users/chengzhengbo/Documents/dubboAdmin8080-7.0.82
Mar 28, 2018 9:12:03 PM org.apache.catalina.startup.VersionLoggerListener log
INFO: Command line argument: -Dcatalina.home=/Users/chengzhengbo/Documents/dubboAdmin8080-7.0.82
Mar 28, 2018 9:12:03 PM org.apache.catalina.startup.VersionLoggerListener log
INFO: Command line argument: -Djava.io.tmpdir=/Users/chengzhengbo/Documents/dubboAdmin8080-7.0.82/temp
Mar 28, 2018 9:12:03 PM org.apache.catalina.core.AprLifecycleListener lifecycleEvent
INFO: The APR based Apache Tomcat Native library which allows optimal performance in production environments was not found on the java.library.path: /Users/chengzhengbo/Library/Java/Extensions:/Library/Java/Extensions:/Network/Library/Java/Extensions:/System/Library/Java/Extensions:/usr/lib/java:.
Mar 28, 2018 9:12:03 PM org.apache.coyote.AbstractProtocol init
INFO: Initializing ProtocolHandler ["http-bio-8080"]
Mar 28, 2018 9:12:03 PM org.apache.coyote.AbstractProtocol init
INFO: Initializing ProtocolHandler ["ajp-bio-8009"]
Mar 28, 2018 9:12:03 PM org.apache.catalina.startup.Catalina load
INFO: Initialization processed in 507 ms
Mar 28, 2018 9:12:03 PM org.apache.catalina.core.StandardService startInternal
INFO: Starting service Catalina
Mar 28, 2018 9:12:03 PM org.apache.catalina.core.StandardEngine startInternal
INFO: Starting Servlet Engine: Apache Tomcat/7.0.82
Mar 28, 2018 9:12:03 PM org.apache.catalina.startup.HostConfig deployWAR
INFO: Deploying web application archive /Users/chengzhengbo/Documents/dubboAdmin8080-7.0.82/webapps/dubbo-admin-2.5.5.war
Mar 28, 2018 9:12:06 PM org.apache.catalina.startup.TldConfig execute
INFO: At least one JAR was scanned for TLDs yet contained no TLDs. Enable debug logging for this logger for a complete list of JARs that were scanned but no TLDs were found in them. Skipping unneeded JARs during scanning can improve startup time and JSP compilation time.
Mar 28, 2018 9:12:16 PM org.apache.catalina.startup.HostConfig deployWAR
INFO: Deployment of web application archive /Users/chengzhengbo/Documents/dubboAdmin8080-7.0.82/webapps/dubbo-admin-2.5.5.war has finished in 12,563 ms
Mar 28, 2018 9:12:16 PM org.apache.catalina.startup.HostConfig deployDirectory
INFO: Deploying web application directory /Users/chengzhengbo/Documents/dubboAdmin8080-7.0.82/webapps/docs
Mar 28, 2018 9:12:16 PM org.apache.catalina.startup.HostConfig deployDirectory
INFO: Deployment of web application directory /Users/chengzhengbo/Documents/dubboAdmin8080-7.0.82/webapps/docs has finished in 26 ms
Mar 28, 2018 9:12:16 PM org.apache.catalina.startup.HostConfig deployDirectory
INFO: Deploying web application directory /Users/chengzhengbo/Documents/dubboAdmin8080-7.0.82/webapps/manager
Mar 28, 2018 9:12:16 PM org.apache.catalina.startup.HostConfig deployDirectory
INFO: Deployment of web application directory /Users/chengzhengbo/Documents/dubboAdmin8080-7.0.82/webapps/manager has finished in 72 ms
Mar 28, 2018 9:12:16 PM org.apache.catalina.startup.HostConfig deployDirectory
INFO: Deploying web application directory /Users/chengzhengbo/Documents/dubboAdmin8080-7.0.82/webapps/examples
Mar 28, 2018 9:12:16 PM org.apache.catalina.startup.HostConfig deployDirectory
INFO: Deployment of web application directory /Users/chengzhengbo/Documents/dubboAdmin8080-7.0.82/webapps/examples has finished in 134 ms
Mar 28, 2018 9:12:16 PM org.apache.catalina.startup.HostConfig deployDirectory
INFO: Deploying web application directory /Users/chengzhengbo/Documents/dubboAdmin8080-7.0.82/webapps/ROOT
Mar 28, 2018 9:12:16 PM org.apache.catalina.startup.HostConfig deployDirectory
INFO: Deployment of web application directory /Users/chengzhengbo/Documents/dubboAdmin8080-7.0.82/webapps/ROOT has finished in 17 ms
Mar 28, 2018 9:12:16 PM org.apache.catalina.startup.HostConfig deployDirectory
INFO: Deploying web application directory /Users/chengzhengbo/Documents/dubboAdmin8080-7.0.82/webapps/host-manager
Mar 28, 2018 9:12:16 PM org.apache.catalina.startup.HostConfig deployDirectory
INFO: Deployment of web application directory /Users/chengzhengbo/Documents/dubboAdmin8080-7.0.82/webapps/host-manager has finished in 22 ms
Mar 28, 2018 9:12:16 PM org.apache.coyote.AbstractProtocol start
INFO: Starting ProtocolHandler ["http-bio-8080"]
Mar 28, 2018 9:12:16 PM org.apache.coyote.AbstractProtocol start
INFO: Starting ProtocolHandler ["ajp-bio-8009"]
Mar 28, 2018 9:12:16 PM org.apache.catalina.startup.Catalina start
INFO: Server startup in 12903 ms
