十一月 29, 2017 12:56:25 下午 org.apache.catalina.startup.VersionLoggerListener log
信息: Server version:        Apache Tomcat/7.0.82
十一月 29, 2017 12:56:25 下午 org.apache.catalina.startup.VersionLoggerListener log
信息: Server built:          Sep 29 2017 12:23:15 UTC
十一月 29, 2017 12:56:25 下午 org.apache.catalina.startup.VersionLoggerListener log
信息: Server number:         7.0.82.0
十一月 29, 2017 12:56:25 下午 org.apache.catalina.startup.VersionLoggerListener log
信息: OS Name:               Mac OS X
十一月 29, 2017 12:56:25 下午 org.apache.catalina.startup.VersionLoggerListener log
信息: OS Version:            10.13.1
十一月 29, 2017 12:56:25 下午 org.apache.catalina.startup.VersionLoggerListener log
信息: Architecture:          x86_64
十一月 29, 2017 12:56:25 下午 org.apache.catalina.startup.VersionLoggerListener log
信息: Java Home:             /Library/Java/JavaVirtualMachines/jdk1.8.0_144.jdk/Contents/Home/jre
十一月 29, 2017 12:56:25 下午 org.apache.catalina.startup.VersionLoggerListener log
信息: JVM Version:           1.8.0_144-b01
十一月 29, 2017 12:56:25 下午 org.apache.catalina.startup.VersionLoggerListener log
信息: JVM Vendor:            Oracle Corporation
十一月 29, 2017 12:56:25 下午 org.apache.catalina.startup.VersionLoggerListener log
信息: CATALINA_BASE:         /Users/chengzhengbo/Documents/dubboAdmin8080-7.0.82
十一月 29, 2017 12:56:25 下午 org.apache.catalina.startup.VersionLoggerListener log
信息: CATALINA_HOME:         /Users/chengzhengbo/Documents/dubboAdmin8080-7.0.82
十一月 29, 2017 12:56:25 下午 org.apache.catalina.startup.VersionLoggerListener log
信息: Command line argument: -Djava.util.logging.config.file=/Users/chengzhengbo/Documents/dubboAdmin8080-7.0.82/conf/logging.properties
十一月 29, 2017 12:56:25 下午 org.apache.catalina.startup.VersionLoggerListener log
信息: Command line argument: -Djava.util.logging.manager=org.apache.juli.ClassLoaderLogManager
十一月 29, 2017 12:56:25 下午 org.apache.catalina.startup.VersionLoggerListener log
信息: Command line argument: -Djdk.tls.ephemeralDHKeySize=2048
十一月 29, 2017 12:56:25 下午 org.apache.catalina.startup.VersionLoggerListener log
信息: Command line argument: -Djava.endorsed.dirs=/Users/chengzhengbo/Documents/dubboAdmin8080-7.0.82/endorsed
十一月 29, 2017 12:56:25 下午 org.apache.catalina.startup.VersionLoggerListener log
信息: Command line argument: -Dcatalina.base=/Users/chengzhengbo/Documents/dubboAdmin8080-7.0.82
十一月 29, 2017 12:56:25 下午 org.apache.catalina.startup.VersionLoggerListener log
信息: Command line argument: -Dcatalina.home=/Users/chengzhengbo/Documents/dubboAdmin8080-7.0.82
十一月 29, 2017 12:56:25 下午 org.apache.catalina.startup.VersionLoggerListener log
信息: Command line argument: -Djava.io.tmpdir=/Users/chengzhengbo/Documents/dubboAdmin8080-7.0.82/temp
十一月 29, 2017 12:56:25 下午 org.apache.catalina.core.AprLifecycleListener lifecycleEvent
信息: The APR based Apache Tomcat Native library which allows optimal performance in production environments was not found on the java.library.path: /Users/chengzhengbo/Library/Java/Extensions:/Library/Java/Extensions:/Network/Library/Java/Extensions:/System/Library/Java/Extensions:/usr/lib/java:.
十一月 29, 2017 12:56:25 下午 org.apache.coyote.AbstractProtocol init
信息: Initializing ProtocolHandler ["http-bio-8080"]
十一月 29, 2017 12:56:25 下午 org.apache.coyote.AbstractProtocol init
严重: Failed to initialize end point associated with ProtocolHandler ["http-bio-8080"]
java.net.BindException: Address already in use (Bind failed) <null>:8080
	at org.apache.tomcat.util.net.JIoEndpoint.bind(JIoEndpoint.java:413)
	at org.apache.tomcat.util.net.AbstractEndpoint.init(AbstractEndpoint.java:728)
	at org.apache.coyote.AbstractProtocol.init(AbstractProtocol.java:452)
	at org.apache.coyote.http11.AbstractHttp11JsseProtocol.init(AbstractHttp11JsseProtocol.java:119)
	at org.apache.catalina.connector.Connector.initInternal(Connector.java:978)
	at org.apache.catalina.util.LifecycleBase.init(LifecycleBase.java:102)
	at org.apache.catalina.core.StandardService.initInternal(StandardService.java:560)
	at org.apache.catalina.util.LifecycleBase.init(LifecycleBase.java:102)
	at org.apache.catalina.core.StandardServer.initInternal(StandardServer.java:840)
	at org.apache.catalina.util.LifecycleBase.init(LifecycleBase.java:102)
	at org.apache.catalina.startup.Catalina.load(Catalina.java:643)
	at org.apache.catalina.startup.Catalina.load(Catalina.java:668)
	at sun.reflect.NativeMethodAccessorImpl.invoke0(Native Method)
	at sun.reflect.NativeMethodAccessorImpl.invoke(NativeMethodAccessorImpl.java:62)
	at sun.reflect.DelegatingMethodAccessorImpl.invoke(DelegatingMethodAccessorImpl.java:43)
	at java.lang.reflect.Method.invoke(Method.java:498)
	at org.apache.catalina.startup.Bootstrap.load(Bootstrap.java:253)
	at org.apache.catalina.startup.Bootstrap.main(Bootstrap.java:427)
Caused by: java.net.BindException: Address already in use (Bind failed)
	at java.net.PlainSocketImpl.socketBind(Native Method)
	at java.net.AbstractPlainSocketImpl.bind(AbstractPlainSocketImpl.java:387)
	at java.net.ServerSocket.bind(ServerSocket.java:375)
	at java.net.ServerSocket.<init>(ServerSocket.java:237)
	at java.net.ServerSocket.<init>(ServerSocket.java:181)
	at org.apache.tomcat.util.net.DefaultServerSocketFactory.createSocket(DefaultServerSocketFactory.java:49)
	at org.apache.tomcat.util.net.JIoEndpoint.bind(JIoEndpoint.java:400)
	... 17 more

十一月 29, 2017 12:56:25 下午 org.apache.catalina.core.StandardService initInternal
严重: Failed to initialize connector [Connector[HTTP/1.1-8080]]
org.apache.catalina.LifecycleException: Failed to initialize component [Connector[HTTP/1.1-8080]]
	at org.apache.catalina.util.LifecycleBase.init(LifecycleBase.java:107)
	at org.apache.catalina.core.StandardService.initInternal(StandardService.java:560)
	at org.apache.catalina.util.LifecycleBase.init(LifecycleBase.java:102)
	at org.apache.catalina.core.StandardServer.initInternal(StandardServer.java:840)
	at org.apache.catalina.util.LifecycleBase.init(LifecycleBase.java:102)
	at org.apache.catalina.startup.Catalina.load(Catalina.java:643)
	at org.apache.catalina.startup.Catalina.load(Catalina.java:668)
	at sun.reflect.NativeMethodAccessorImpl.invoke0(Native Method)
	at sun.reflect.NativeMethodAccessorImpl.invoke(NativeMethodAccessorImpl.java:62)
	at sun.reflect.DelegatingMethodAccessorImpl.invoke(DelegatingMethodAccessorImpl.java:43)
	at java.lang.reflect.Method.invoke(Method.java:498)
	at org.apache.catalina.startup.Bootstrap.load(Bootstrap.java:253)
	at org.apache.catalina.startup.Bootstrap.main(Bootstrap.java:427)
Caused by: org.apache.catalina.LifecycleException: Protocol handler initialization failed
	at org.apache.catalina.connector.Connector.initInternal(Connector.java:980)
	at org.apache.catalina.util.LifecycleBase.init(LifecycleBase.java:102)
	... 12 more
Caused by: java.net.BindException: Address already in use (Bind failed) <null>:8080
	at org.apache.tomcat.util.net.JIoEndpoint.bind(JIoEndpoint.java:413)
	at org.apache.tomcat.util.net.AbstractEndpoint.init(AbstractEndpoint.java:728)
	at org.apache.coyote.AbstractProtocol.init(AbstractProtocol.java:452)
	at org.apache.coyote.http11.AbstractHttp11JsseProtocol.init(AbstractHttp11JsseProtocol.java:119)
	at org.apache.catalina.connector.Connector.initInternal(Connector.java:978)
	... 13 more
Caused by: java.net.BindException: Address already in use (Bind failed)
	at java.net.PlainSocketImpl.socketBind(Native Method)
	at java.net.AbstractPlainSocketImpl.bind(AbstractPlainSocketImpl.java:387)
	at java.net.ServerSocket.bind(ServerSocket.java:375)
	at java.net.ServerSocket.<init>(ServerSocket.java:237)
	at java.net.ServerSocket.<init>(ServerSocket.java:181)
	at org.apache.tomcat.util.net.DefaultServerSocketFactory.createSocket(DefaultServerSocketFactory.java:49)
	at org.apache.tomcat.util.net.JIoEndpoint.bind(JIoEndpoint.java:400)
	... 17 more

十一月 29, 2017 12:56:25 下午 org.apache.coyote.AbstractProtocol init
信息: Initializing ProtocolHandler ["ajp-bio-8009"]
十一月 29, 2017 12:56:25 下午 org.apache.coyote.AbstractProtocol init
严重: Failed to initialize end point associated with ProtocolHandler ["ajp-bio-8009"]
java.net.BindException: Address already in use (Bind failed) <null>:8009
	at org.apache.tomcat.util.net.JIoEndpoint.bind(JIoEndpoint.java:413)
	at org.apache.tomcat.util.net.AbstractEndpoint.init(AbstractEndpoint.java:728)
	at org.apache.coyote.AbstractProtocol.init(AbstractProtocol.java:452)
	at org.apache.catalina.connector.Connector.initInternal(Connector.java:978)
	at org.apache.catalina.util.LifecycleBase.init(LifecycleBase.java:102)
	at org.apache.catalina.core.StandardService.initInternal(StandardService.java:560)
	at org.apache.catalina.util.LifecycleBase.init(LifecycleBase.java:102)
	at org.apache.catalina.core.StandardServer.initInternal(StandardServer.java:840)
	at org.apache.catalina.util.LifecycleBase.init(LifecycleBase.java:102)
	at org.apache.catalina.startup.Catalina.load(Catalina.java:643)
	at org.apache.catalina.startup.Catalina.load(Catalina.java:668)
	at sun.reflect.NativeMethodAccessorImpl.invoke0(Native Method)
	at sun.reflect.NativeMethodAccessorImpl.invoke(NativeMethodAccessorImpl.java:62)
	at sun.reflect.DelegatingMethodAccessorImpl.invoke(DelegatingMethodAccessorImpl.java:43)
	at java.lang.reflect.Method.invoke(Method.java:498)
	at org.apache.catalina.startup.Bootstrap.load(Bootstrap.java:253)
	at org.apache.catalina.startup.Bootstrap.main(Bootstrap.java:427)
Caused by: java.net.BindException: Address already in use (Bind failed)
	at java.net.PlainSocketImpl.socketBind(Native Method)
	at java.net.AbstractPlainSocketImpl.bind(AbstractPlainSocketImpl.java:387)
	at java.net.ServerSocket.bind(ServerSocket.java:375)
	at java.net.ServerSocket.<init>(ServerSocket.java:237)
	at java.net.ServerSocket.<init>(ServerSocket.java:181)
	at org.apache.tomcat.util.net.DefaultServerSocketFactory.createSocket(DefaultServerSocketFactory.java:49)
	at org.apache.tomcat.util.net.JIoEndpoint.bind(JIoEndpoint.java:400)
	... 16 more

十一月 29, 2017 12:56:25 下午 org.apache.catalina.core.StandardService initInternal
严重: Failed to initialize connector [Connector[AJP/1.3-8009]]
org.apache.catalina.LifecycleException: Failed to initialize component [Connector[AJP/1.3-8009]]
	at org.apache.catalina.util.LifecycleBase.init(LifecycleBase.java:107)
	at org.apache.catalina.core.StandardService.initInternal(StandardService.java:560)
	at org.apache.catalina.util.LifecycleBase.init(LifecycleBase.java:102)
	at org.apache.catalina.core.StandardServer.initInternal(StandardServer.java:840)
	at org.apache.catalina.util.LifecycleBase.init(LifecycleBase.java:102)
	at org.apache.catalina.startup.Catalina.load(Catalina.java:643)
	at org.apache.catalina.startup.Catalina.load(Catalina.java:668)
	at sun.reflect.NativeMethodAccessorImpl.invoke0(Native Method)
	at sun.reflect.NativeMethodAccessorImpl.invoke(NativeMethodAccessorImpl.java:62)
	at sun.reflect.DelegatingMethodAccessorImpl.invoke(DelegatingMethodAccessorImpl.java:43)
	at java.lang.reflect.Method.invoke(Method.java:498)
	at org.apache.catalina.startup.Bootstrap.load(Bootstrap.java:253)
	at org.apache.catalina.startup.Bootstrap.main(Bootstrap.java:427)
Caused by: org.apache.catalina.LifecycleException: Protocol handler initialization failed
	at org.apache.catalina.connector.Connector.initInternal(Connector.java:980)
	at org.apache.catalina.util.LifecycleBase.init(LifecycleBase.java:102)
	... 12 more
Caused by: java.net.BindException: Address already in use (Bind failed) <null>:8009
	at org.apache.tomcat.util.net.JIoEndpoint.bind(JIoEndpoint.java:413)
	at org.apache.tomcat.util.net.AbstractEndpoint.init(AbstractEndpoint.java:728)
	at org.apache.coyote.AbstractProtocol.init(AbstractProtocol.java:452)
	at org.apache.catalina.connector.Connector.initInternal(Connector.java:978)
	... 13 more
Caused by: java.net.BindException: Address already in use (Bind failed)
	at java.net.PlainSocketImpl.socketBind(Native Method)
	at java.net.AbstractPlainSocketImpl.bind(AbstractPlainSocketImpl.java:387)
	at java.net.ServerSocket.bind(ServerSocket.java:375)
	at java.net.ServerSocket.<init>(ServerSocket.java:237)
	at java.net.ServerSocket.<init>(ServerSocket.java:181)
	at org.apache.tomcat.util.net.DefaultServerSocketFactory.createSocket(DefaultServerSocketFactory.java:49)
	at org.apache.tomcat.util.net.JIoEndpoint.bind(JIoEndpoint.java:400)
	... 16 more

十一月 29, 2017 12:56:25 下午 org.apache.catalina.startup.Catalina load
信息: Initialization processed in 499 ms
十一月 29, 2017 12:56:25 下午 org.apache.catalina.core.StandardService startInternal
信息: Starting service Catalina
十一月 29, 2017 12:56:25 下午 org.apache.catalina.core.StandardEngine startInternal
信息: Starting Servlet Engine: Apache Tomcat/7.0.82
十一月 29, 2017 12:56:25 下午 org.apache.catalina.startup.HostConfig deployWAR
信息: Deploying web application archive /Users/chengzhengbo/Documents/dubboAdmin8080-7.0.82/webapps/dubbo-admin-2.5.5.war
十一月 29, 2017 12:56:28 下午 org.apache.catalina.startup.TldConfig execute
信息: At least one JAR was scanned for TLDs yet contained no TLDs. Enable debug logging for this logger for a complete list of JARs that were scanned but no TLDs were found in them. Skipping unneeded JARs during scanning can improve startup time and JSP compilation time.
十一月 29, 2017 12:56:37 下午 org.apache.catalina.startup.HostConfig deployWAR
信息: Deployment of web application archive /Users/chengzhengbo/Documents/dubboAdmin8080-7.0.82/webapps/dubbo-admin-2.5.5.war has finished in 11,800 ms
十一月 29, 2017 12:56:37 下午 org.apache.catalina.startup.HostConfig deployDirectory
信息: Deploying web application directory /Users/chengzhengbo/Documents/dubboAdmin8080-7.0.82/webapps/docs
十一月 29, 2017 12:56:37 下午 org.apache.catalina.startup.HostConfig deployDirectory
信息: Deployment of web application directory /Users/chengzhengbo/Documents/dubboAdmin8080-7.0.82/webapps/docs has finished in 23 ms
十一月 29, 2017 12:56:37 下午 org.apache.catalina.startup.HostConfig deployDirectory
信息: Deploying web application directory /Users/chengzhengbo/Documents/dubboAdmin8080-7.0.82/webapps/manager
十一月 29, 2017 12:56:37 下午 org.apache.catalina.startup.HostConfig deployDirectory
信息: Deployment of web application directory /Users/chengzhengbo/Documents/dubboAdmin8080-7.0.82/webapps/manager has finished in 72 ms
十一月 29, 2017 12:56:37 下午 org.apache.catalina.startup.HostConfig deployDirectory
信息: Deploying web application directory /Users/chengzhengbo/Documents/dubboAdmin8080-7.0.82/webapps/examples
十一月 29, 2017 12:56:37 下午 org.apache.catalina.startup.HostConfig deployDirectory
信息: Deployment of web application directory /Users/chengzhengbo/Documents/dubboAdmin8080-7.0.82/webapps/examples has finished in 119 ms
十一月 29, 2017 12:56:37 下午 org.apache.catalina.startup.HostConfig deployDirectory
信息: Deploying web application directory /Users/chengzhengbo/Documents/dubboAdmin8080-7.0.82/webapps/ROOT
十一月 29, 2017 12:56:37 下午 org.apache.catalina.startup.HostConfig deployDirectory
信息: Deployment of web application directory /Users/chengzhengbo/Documents/dubboAdmin8080-7.0.82/webapps/ROOT has finished in 19 ms
十一月 29, 2017 12:56:37 下午 org.apache.catalina.startup.HostConfig deployDirectory
信息: Deploying web application directory /Users/chengzhengbo/Documents/dubboAdmin8080-7.0.82/webapps/host-manager
十一月 29, 2017 12:56:37 下午 org.apache.catalina.startup.HostConfig deployDirectory
信息: Deployment of web application directory /Users/chengzhengbo/Documents/dubboAdmin8080-7.0.82/webapps/host-manager has finished in 18 ms
十一月 29, 2017 12:56:37 下午 org.apache.catalina.startup.Catalina start
信息: Server startup in 12102 ms
十一月 29, 2017 12:57:30 下午 org.apache.catalina.core.StandardServer await
信息: A valid shutdown command was received via the shutdown port. Stopping the Server instance.
十一月 29, 2017 12:57:30 下午 org.apache.coyote.AbstractProtocol pause
信息: Pausing ProtocolHandler ["http-bio-8080"]
十一月 29, 2017 12:57:30 下午 org.apache.coyote.AbstractProtocol pause
信息: Pausing ProtocolHandler ["ajp-bio-8009"]
十一月 29, 2017 12:57:30 下午 org.apache.catalina.core.StandardService stopInternal
信息: Stopping service Catalina
十一月 29, 2017 12:57:30 下午 org.apache.catalina.loader.WebappClassLoaderBase clearReferencesThreads
严重: The web application [/dubbo-admin-2.5.5] appears to have started a thread named [DubboRegistryFailedRetryTimer-thread-1] but has failed to stop it. This is very likely to create a memory leak.
十一月 29, 2017 12:57:30 下午 org.apache.catalina.loader.WebappClassLoaderBase clearReferencesThreads
严重: The web application [/dubbo-admin-2.5.5] appears to have started a thread named [ZkClient-EventThread-17-127.0.0.1:2181] but has failed to stop it. This is very likely to create a memory leak.
十一月 29, 2017 12:57:30 下午 org.apache.catalina.loader.WebappClassLoaderBase clearReferencesThreads
严重: The web application [/dubbo-admin-2.5.5] appears to have started a thread named [localhost-startStop-1-SendThread(127.0.0.1:2181)] but has failed to stop it. This is very likely to create a memory leak.
十一月 29, 2017 12:57:30 下午 org.apache.catalina.loader.WebappClassLoaderBase clearReferencesThreads
严重: The web application [/dubbo-admin-2.5.5] appears to have started a thread named [localhost-startStop-1-EventThread] but has failed to stop it. This is very likely to create a memory leak.
十一月 29, 2017 12:57:30 下午 org.apache.coyote.AbstractProtocol stop
信息: Stopping ProtocolHandler ["http-bio-8080"]
十一月 29, 2017 12:57:30 下午 org.apache.coyote.AbstractProtocol destroy
信息: Destroying ProtocolHandler ["http-bio-8080"]
十一月 29, 2017 12:57:30 下午 org.apache.coyote.AbstractProtocol stop
信息: Stopping ProtocolHandler ["ajp-bio-8009"]
十一月 29, 2017 12:57:30 下午 org.apache.coyote.AbstractProtocol destroy
信息: Destroying ProtocolHandler ["ajp-bio-8009"]
