十月 09, 2017 1:18:03 下午 org.apache.coyote.AbstractProtocol pause
信息: Pausing ProtocolHandler ["http-bio-8080"]
十月 09, 2017 1:18:06 下午 org.apache.coyote.AbstractProtocol pause
信息: Pausing ProtocolHandler ["ajp-bio-8009"]
十月 09, 2017 1:18:06 下午 org.apache.catalina.core.StandardService stopInternal
信息: Stopping service Catalina
十月 09, 2017 1:18:06 下午 org.apache.catalina.loader.WebappClassLoaderBase clearReferencesThreads
严重: The web application [/dubbo-admin-2.5.5] appears to have started a thread named [DubboRegistryFailedRetryTimer-thread-1] but has failed to stop it. This is very likely to create a memory leak.
十月 09, 2017 1:18:06 下午 org.apache.catalina.loader.WebappClassLoaderBase checkThreadLocalMapForLeaks
严重: The web application [/dubbo-admin-2.5.5] created a ThreadLocal with key of type [java.lang.ThreadLocal] (value [java.lang.ThreadLocal@772d145c]) and a value of type [com.alibaba.citrus.util.i18n.LocaleInfo] (value [zh_CN:UTF-8]) but failed to remove it when the web application was stopped. Threads are going to be renewed over time to try and avoid a probable memory leak.
十月 09, 2017 1:18:06 下午 org.apache.catalina.loader.WebappClassLoaderBase checkThreadLocalMapForLeaks
严重: The web application [/dubbo-admin-2.5.5] created a ThreadLocal with key of type [java.lang.ThreadLocal] (value [java.lang.ThreadLocal@772d145c]) and a value of type [com.alibaba.citrus.util.i18n.LocaleInfo] (value [zh_CN:UTF-8]) but failed to remove it when the web application was stopped. Threads are going to be renewed over time to try and avoid a probable memory leak.
十月 09, 2017 1:18:06 下午 org.apache.catalina.loader.WebappClassLoaderBase checkThreadLocalMapForLeaks
严重: The web application [/dubbo-admin-2.5.5] created a ThreadLocal with key of type [java.lang.ThreadLocal] (value [java.lang.ThreadLocal@772d145c]) and a value of type [com.alibaba.citrus.util.i18n.LocaleInfo] (value [zh_CN:UTF-8]) but failed to remove it when the web application was stopped. Threads are going to be renewed over time to try and avoid a probable memory leak.
十月 09, 2017 1:18:06 下午 org.apache.catalina.loader.WebappClassLoaderBase checkThreadLocalMapForLeaks
严重: The web application [/dubbo-admin-2.5.5] created a ThreadLocal with key of type [java.lang.ThreadLocal] (value [java.lang.ThreadLocal@772d145c]) and a value of type [com.alibaba.citrus.util.i18n.LocaleInfo] (value [zh_CN:UTF-8]) but failed to remove it when the web application was stopped. Threads are going to be renewed over time to try and avoid a probable memory leak.
十月 09, 2017 1:18:06 下午 org.apache.coyote.AbstractProtocol stop
信息: Stopping ProtocolHandler ["http-bio-8080"]
十月 09, 2017 1:18:06 下午 org.apache.coyote.AbstractProtocol stop
信息: Stopping ProtocolHandler ["ajp-bio-8009"]
十月 09, 2017 1:18:06 下午 org.apache.coyote.AbstractProtocol destroy
信息: Destroying ProtocolHandler ["http-bio-8080"]
十月 09, 2017 1:18:06 下午 org.apache.coyote.AbstractProtocol destroy
信息: Destroying ProtocolHandler ["ajp-bio-8009"]
