十一月 28, 2017 5:35:50 下午 org.apache.catalina.startup.VersionLoggerListener log
信息: Server version:        Apache Tomcat/7.0.82
十一月 28, 2017 5:35:50 下午 org.apache.catalina.startup.VersionLoggerListener log
信息: Server built:          Sep 29 2017 12:23:15 UTC
十一月 28, 2017 5:35:50 下午 org.apache.catalina.startup.VersionLoggerListener log
信息: Server number:         7.0.82.0
十一月 28, 2017 5:35:50 下午 org.apache.catalina.startup.VersionLoggerListener log
信息: OS Name:               Mac OS X
十一月 28, 2017 5:35:50 下午 org.apache.catalina.startup.VersionLoggerListener log
信息: OS Version:            10.13.1
十一月 28, 2017 5:35:50 下午 org.apache.catalina.startup.VersionLoggerListener log
信息: Architecture:          x86_64
十一月 28, 2017 5:35:50 下午 org.apache.catalina.startup.VersionLoggerListener log
信息: Java Home:             /Library/Java/JavaVirtualMachines/jdk1.8.0_144.jdk/Contents/Home/jre
十一月 28, 2017 5:35:50 下午 org.apache.catalina.startup.VersionLoggerListener log
信息: JVM Version:           1.8.0_144-b01
十一月 28, 2017 5:35:50 下午 org.apache.catalina.startup.VersionLoggerListener log
信息: JVM Vendor:            Oracle Corporation
十一月 28, 2017 5:35:50 下午 org.apache.catalina.startup.VersionLoggerListener log
信息: CATALINA_BASE:         /Users/chengzhengbo/Documents/dubboAdmin8080-7.0.82
十一月 28, 2017 5:35:50 下午 org.apache.catalina.startup.VersionLoggerListener log
信息: CATALINA_HOME:         /Users/chengzhengbo/Documents/dubboAdmin8080-7.0.82
十一月 28, 2017 5:35:50 下午 org.apache.catalina.startup.VersionLoggerListener log
信息: Command line argument: -Djava.util.logging.config.file=/Users/chengzhengbo/Documents/dubboAdmin8080-7.0.82/conf/logging.properties
十一月 28, 2017 5:35:50 下午 org.apache.catalina.startup.VersionLoggerListener log
信息: Command line argument: -Djava.util.logging.manager=org.apache.juli.ClassLoaderLogManager
十一月 28, 2017 5:35:50 下午 org.apache.catalina.startup.VersionLoggerListener log
信息: Command line argument: -Djdk.tls.ephemeralDHKeySize=2048
十一月 28, 2017 5:35:50 下午 org.apache.catalina.startup.VersionLoggerListener log
信息: Command line argument: -Djava.endorsed.dirs=/Users/chengzhengbo/Documents/dubboAdmin8080-7.0.82/endorsed
十一月 28, 2017 5:35:50 下午 org.apache.catalina.startup.VersionLoggerListener log
信息: Command line argument: -Dcatalina.base=/Users/chengzhengbo/Documents/dubboAdmin8080-7.0.82
十一月 28, 2017 5:35:50 下午 org.apache.catalina.startup.VersionLoggerListener log
信息: Command line argument: -Dcatalina.home=/Users/chengzhengbo/Documents/dubboAdmin8080-7.0.82
十一月 28, 2017 5:35:50 下午 org.apache.catalina.startup.VersionLoggerListener log
信息: Command line argument: -Djava.io.tmpdir=/Users/chengzhengbo/Documents/dubboAdmin8080-7.0.82/temp
十一月 28, 2017 5:35:50 下午 org.apache.catalina.core.AprLifecycleListener lifecycleEvent
信息: The APR based Apache Tomcat Native library which allows optimal performance in production environments was not found on the java.library.path: /Users/chengzhengbo/Library/Java/Extensions:/Library/Java/Extensions:/Network/Library/Java/Extensions:/System/Library/Java/Extensions:/usr/lib/java:.
十一月 28, 2017 5:35:50 下午 org.apache.coyote.AbstractProtocol init
信息: Initializing ProtocolHandler ["http-bio-8080"]
十一月 28, 2017 5:35:50 下午 org.apache.coyote.AbstractProtocol init
信息: Initializing ProtocolHandler ["ajp-bio-8009"]
十一月 28, 2017 5:35:50 下午 org.apache.catalina.startup.Catalina load
信息: Initialization processed in 490 ms
十一月 28, 2017 5:35:50 下午 org.apache.catalina.core.StandardService startInternal
信息: Starting service Catalina
十一月 28, 2017 5:35:50 下午 org.apache.catalina.core.StandardEngine startInternal
信息: Starting Servlet Engine: Apache Tomcat/7.0.82
十一月 28, 2017 5:35:50 下午 org.apache.catalina.startup.HostConfig deployWAR
信息: Deploying web application archive /Users/chengzhengbo/Documents/dubboAdmin8080-7.0.82/webapps/dubbo-admin-2.5.5.war
十一月 28, 2017 5:35:53 下午 org.apache.catalina.startup.TldConfig execute
信息: At least one JAR was scanned for TLDs yet contained no TLDs. Enable debug logging for this logger for a complete list of JARs that were scanned but no TLDs were found in them. Skipping unneeded JARs during scanning can improve startup time and JSP compilation time.
十一月 28, 2017 5:36:02 下午 org.apache.catalina.startup.HostConfig deployWAR
信息: Deployment of web application archive /Users/chengzhengbo/Documents/dubboAdmin8080-7.0.82/webapps/dubbo-admin-2.5.5.war has finished in 11,745 ms
十一月 28, 2017 5:36:02 下午 org.apache.catalina.startup.HostConfig deployDirectory
信息: Deploying web application directory /Users/chengzhengbo/Documents/dubboAdmin8080-7.0.82/webapps/docs
十一月 28, 2017 5:36:02 下午 org.apache.catalina.startup.HostConfig deployDirectory
信息: Deployment of web application directory /Users/chengzhengbo/Documents/dubboAdmin8080-7.0.82/webapps/docs has finished in 30 ms
十一月 28, 2017 5:36:02 下午 org.apache.catalina.startup.HostConfig deployDirectory
信息: Deploying web application directory /Users/chengzhengbo/Documents/dubboAdmin8080-7.0.82/webapps/manager
十一月 28, 2017 5:36:02 下午 org.apache.catalina.startup.HostConfig deployDirectory
信息: Deployment of web application directory /Users/chengzhengbo/Documents/dubboAdmin8080-7.0.82/webapps/manager has finished in 80 ms
十一月 28, 2017 5:36:02 下午 org.apache.catalina.startup.HostConfig deployDirectory
信息: Deploying web application directory /Users/chengzhengbo/Documents/dubboAdmin8080-7.0.82/webapps/examples
十一月 28, 2017 5:36:02 下午 org.apache.catalina.startup.HostConfig deployDirectory
信息: Deployment of web application directory /Users/chengzhengbo/Documents/dubboAdmin8080-7.0.82/webapps/examples has finished in 129 ms
十一月 28, 2017 5:36:02 下午 org.apache.catalina.startup.HostConfig deployDirectory
信息: Deploying web application directory /Users/chengzhengbo/Documents/dubboAdmin8080-7.0.82/webapps/ROOT
十一月 28, 2017 5:36:02 下午 org.apache.catalina.startup.HostConfig deployDirectory
信息: Deployment of web application directory /Users/chengzhengbo/Documents/dubboAdmin8080-7.0.82/webapps/ROOT has finished in 21 ms
十一月 28, 2017 5:36:02 下午 org.apache.catalina.startup.HostConfig deployDirectory
信息: Deploying web application directory /Users/chengzhengbo/Documents/dubboAdmin8080-7.0.82/webapps/host-manager
十一月 28, 2017 5:36:02 下午 org.apache.catalina.startup.HostConfig deployDirectory
信息: Deployment of web application directory /Users/chengzhengbo/Documents/dubboAdmin8080-7.0.82/webapps/host-manager has finished in 22 ms
十一月 28, 2017 5:36:02 下午 org.apache.coyote.AbstractProtocol start
信息: Starting ProtocolHandler ["http-bio-8080"]
十一月 28, 2017 5:36:02 下午 org.apache.coyote.AbstractProtocol start
信息: Starting ProtocolHandler ["ajp-bio-8009"]
十一月 28, 2017 5:36:02 下午 org.apache.catalina.startup.Catalina start
信息: Server startup in 12090 ms
十一月 28, 2017 6:31:30 下午 org.apache.coyote.AbstractProtocol pause
信息: Pausing ProtocolHandler ["http-bio-8080"]
