十月 07, 2017 11:40:42 上午 org.apache.catalina.core.ApplicationContext log
信息: No Spring WebApplicationInitializer types detected on classpath
十月 07, 2017 11:40:42 上午 org.apache.catalina.core.ApplicationContext log
信息: Initializing log4j system
十月 07, 2017 11:40:42 上午 org.apache.catalina.core.ApplicationContext log
信息: Initializing Spring root WebApplicationContext
十月 07, 2017 11:40:46 上午 org.apache.catalina.core.ApplicationContext log
信息: Initializing Spring sub WebApplicationContext: sysmanage
十月 07, 2017 11:40:47 上午 org.apache.catalina.core.ApplicationContext log
信息: Initializing Spring sub WebApplicationContext: sysinfo
十月 07, 2017 11:40:48 上午 org.apache.catalina.core.ApplicationContext log
信息: Initializing Spring sub WebApplicationContext: personal
十月 07, 2017 11:40:49 上午 org.apache.catalina.core.ApplicationContext log
信息: Initializing Spring sub WebApplicationContext: governance
十月 07, 2017 11:40:50 上午 org.apache.catalina.core.ApplicationContext log
信息: Initializing Spring sub WebApplicationContext: home
十月 07, 2017 11:40:51 上午 org.apache.catalina.core.ApplicationContext log
信息: WebxComponents: initialization completed
十月 07, 2017 11:40:51 上午 org.apache.catalina.core.ApplicationContext log
信息: Initializing filter: webx
十月 07, 2017 11:40:51 上午 org.apache.catalina.core.ApplicationContext log
信息: WebxFrameworkFilter - webx: initialization completed
十月 07, 2017 11:40:51 上午 org.apache.catalina.core.ApplicationContext log
信息: Initializing filter: mdc
十月 07, 2017 11:40:51 上午 org.apache.catalina.core.ApplicationContext log
信息: SetLoggingContextFilter - mdc: initialization completed
十月 07, 2017 11:40:51 上午 org.apache.catalina.core.ApplicationContext log
信息: ContextListener: contextInitialized()
十月 07, 2017 11:40:51 上午 org.apache.catalina.core.ApplicationContext log
信息: SessionListener: contextInitialized()
十月 07, 2017 11:40:51 上午 org.apache.catalina.core.ApplicationContext log
信息: ContextListener: attributeAdded('org.apache.jasper.compiler.TldLocationsCache', 'org.apache.jasper.compiler.TldLocationsCache@ea4c765')
