十月 06, 2017 11:04:42 下午 org.apache.catalina.core.ApplicationContext log
信息: No Spring WebApplicationInitializer types detected on classpath
十月 06, 2017 11:04:42 下午 org.apache.catalina.core.ApplicationContext log
信息: Initializing log4j system
十月 06, 2017 11:04:42 下午 org.apache.catalina.core.ApplicationContext log
信息: Initializing Spring root WebApplicationContext
十月 06, 2017 11:04:46 下午 org.apache.catalina.core.ApplicationContext log
信息: Initializing Spring sub WebApplicationContext: sysmanage
十月 06, 2017 11:04:47 下午 org.apache.catalina.core.ApplicationContext log
信息: Initializing Spring sub WebApplicationContext: sysinfo
十月 06, 2017 11:04:49 下午 org.apache.catalina.core.ApplicationContext log
信息: Initializing Spring sub WebApplicationContext: personal
十月 06, 2017 11:04:50 下午 org.apache.catalina.core.ApplicationContext log
信息: Initializing Spring sub WebApplicationContext: governance
十月 06, 2017 11:04:51 下午 org.apache.catalina.core.ApplicationContext log
信息: Initializing Spring sub WebApplicationContext: home
十月 06, 2017 11:04:51 下午 org.apache.catalina.core.ApplicationContext log
信息: WebxComponents: initialization completed
十月 06, 2017 11:04:51 下午 org.apache.catalina.core.ApplicationContext log
信息: Initializing filter: webx
十月 06, 2017 11:04:51 下午 org.apache.catalina.core.ApplicationContext log
信息: WebxFrameworkFilter - webx: initialization completed
十月 06, 2017 11:04:51 下午 org.apache.catalina.core.ApplicationContext log
信息: Initializing filter: mdc
十月 06, 2017 11:04:51 下午 org.apache.catalina.core.ApplicationContext log
信息: SetLoggingContextFilter - mdc: initialization completed
十月 06, 2017 11:04:52 下午 org.apache.catalina.core.ApplicationContext log
信息: ContextListener: contextInitialized()
十月 06, 2017 11:04:52 下午 org.apache.catalina.core.ApplicationContext log
信息: SessionListener: contextInitialized()
十月 06, 2017 11:04:52 下午 org.apache.catalina.core.ApplicationContext log
信息: ContextListener: attributeAdded('org.apache.jasper.compiler.TldLocationsCache', 'org.apache.jasper.compiler.TldLocationsCache@50708fde')
十月 06, 2017 11:10:03 下午 org.apache.catalina.core.ApplicationContext log
信息: Closing Spring root WebApplicationContext
十月 06, 2017 11:10:03 下午 org.apache.catalina.core.StandardContext listenerStop
严重: Exception sending context destroyed event to listener instance of class com.alibaba.citrus.webx.context.WebxContextLoaderListener
java.lang.NoClassDefFoundError: org/springframework/web/context/ContextCleanupListener
	at org.springframework.web.context.ContextLoaderListener.contextDestroyed(ContextLoaderListener.java:145)
	at org.apache.catalina.core.StandardContext.listenerStop(StandardContext.java:5157)
	at org.apache.catalina.core.StandardContext.stopInternal(StandardContext.java:5830)
	at org.apache.catalina.util.LifecycleBase.stop(LifecycleBase.java:221)
	at org.apache.catalina.core.ContainerBase.removeChild(ContainerBase.java:1135)
	at org.apache.catalina.startup.HostConfig.undeploy(HostConfig.java:1598)
	at org.apache.catalina.startup.HostConfig.checkResources(HostConfig.java:1524)
	at org.apache.catalina.startup.HostConfig.check(HostConfig.java:1784)
	at org.apache.catalina.startup.HostConfig.lifecycleEvent(HostConfig.java:366)
	at org.apache.catalina.util.LifecycleSupport.fireLifecycleEvent(LifecycleSupport.java:117)
	at org.apache.catalina.util.LifecycleBase.fireLifecycleEvent(LifecycleBase.java:90)
	at org.apache.catalina.core.ContainerBase.backgroundProcess(ContainerBase.java:1500)
	at org.apache.catalina.core.ContainerBase$ContainerBackgroundProcessor.processChildren(ContainerBase.java:1671)
	at org.apache.catalina.core.ContainerBase$ContainerBackgroundProcessor.processChildren(ContainerBase.java:1681)
	at org.apache.catalina.core.ContainerBase$ContainerBackgroundProcessor.run(ContainerBase.java:1649)
	at java.lang.Thread.run(Thread.java:748)
Caused by: java.lang.ClassNotFoundException: org.springframework.web.context.ContextCleanupListener
	at org.apache.catalina.loader.WebappClassLoaderBase.loadClass(WebappClassLoaderBase.java:1892)
	at org.apache.catalina.loader.WebappClassLoaderBase.loadClass(WebappClassLoaderBase.java:1735)
	... 16 more

十月 06, 2017 11:10:03 下午 org.apache.catalina.core.ApplicationContext log
信息: Shutting down log system
十月 06, 2017 11:10:03 下午 org.apache.catalina.core.ApplicationContext log
信息: SessionListener: contextDestroyed()
十月 06, 2017 11:10:03 下午 org.apache.catalina.core.ApplicationContext log
信息: ContextListener: contextDestroyed()
