十一月 29, 2017 12:56:28 下午 org.apache.catalina.core.ApplicationContext log
信息: No Spring WebApplicationInitializer types detected on classpath
十一月 29, 2017 12:56:28 下午 org.apache.catalina.core.ApplicationContext log
信息: Initializing log4j system
十一月 29, 2017 12:56:28 下午 org.apache.catalina.core.ApplicationContext log
信息: Initializing Spring root WebApplicationContext
十一月 29, 2017 12:56:31 下午 org.apache.catalina.core.ApplicationContext log
信息: Initializing Spring sub WebApplicationContext: sysmanage
十一月 29, 2017 12:56:32 下午 org.apache.catalina.core.ApplicationContext log
信息: Initializing Spring sub WebApplicationContext: sysinfo
十一月 29, 2017 12:56:34 下午 org.apache.catalina.core.ApplicationContext log
信息: Initializing Spring sub WebApplicationContext: personal
十一月 29, 2017 12:56:35 下午 org.apache.catalina.core.ApplicationContext log
信息: Initializing Spring sub WebApplicationContext: governance
十一月 29, 2017 12:56:36 下午 org.apache.catalina.core.ApplicationContext log
信息: Initializing Spring sub WebApplicationContext: home
十一月 29, 2017 12:56:37 下午 org.apache.catalina.core.ApplicationContext log
信息: WebxComponents: initialization completed
十一月 29, 2017 12:56:37 下午 org.apache.catalina.core.ApplicationContext log
信息: Initializing filter: webx
十一月 29, 2017 12:56:37 下午 org.apache.catalina.core.ApplicationContext log
信息: WebxFrameworkFilter - webx: initialization completed
十一月 29, 2017 12:56:37 下午 org.apache.catalina.core.ApplicationContext log
信息: Initializing filter: mdc
十一月 29, 2017 12:56:37 下午 org.apache.catalina.core.ApplicationContext log
信息: SetLoggingContextFilter - mdc: initialization completed
十一月 29, 2017 12:56:37 下午 org.apache.catalina.core.ApplicationContext log
信息: ContextListener: contextInitialized()
十一月 29, 2017 12:56:37 下午 org.apache.catalina.core.ApplicationContext log
信息: SessionListener: contextInitialized()
十一月 29, 2017 12:56:37 下午 org.apache.catalina.core.ApplicationContext log
信息: ContextListener: attributeAdded('org.apache.jasper.compiler.TldLocationsCache', 'org.apache.jasper.compiler.TldLocationsCache@24ff6206')
十一月 29, 2017 12:57:30 下午 org.apache.catalina.core.ApplicationContext log
信息: Closing Spring root WebApplicationContext
十一月 29, 2017 12:57:30 下午 org.apache.catalina.core.ApplicationContext log
信息: Shutting down log system
十一月 29, 2017 12:57:30 下午 org.apache.catalina.core.ApplicationContext log
信息: SessionListener: contextDestroyed()
十一月 29, 2017 12:57:30 下午 org.apache.catalina.core.ApplicationContext log
信息: ContextListener: contextDestroyed()
