十一月 28, 2017 5:35:53 下午 org.apache.catalina.core.ApplicationContext log
信息: No Spring WebApplicationInitializer types detected on classpath
十一月 28, 2017 5:35:53 下午 org.apache.catalina.core.ApplicationContext log
信息: Initializing log4j system
十一月 28, 2017 5:35:53 下午 org.apache.catalina.core.ApplicationContext log
信息: Initializing Spring root WebApplicationContext
十一月 28, 2017 5:35:56 下午 org.apache.catalina.core.ApplicationContext log
信息: Initializing Spring sub WebApplicationContext: sysmanage
十一月 28, 2017 5:35:58 下午 org.apache.catalina.core.ApplicationContext log
信息: Initializing Spring sub WebApplicationContext: sysinfo
十一月 28, 2017 5:35:59 下午 org.apache.catalina.core.ApplicationContext log
信息: Initializing Spring sub WebApplicationContext: personal
十一月 28, 2017 5:36:00 下午 org.apache.catalina.core.ApplicationContext log
信息: Initializing Spring sub WebApplicationContext: governance
十一月 28, 2017 5:36:01 下午 org.apache.catalina.core.ApplicationContext log
信息: Initializing Spring sub WebApplicationContext: home
十一月 28, 2017 5:36:02 下午 org.apache.catalina.core.ApplicationContext log
信息: WebxComponents: initialization completed
十一月 28, 2017 5:36:02 下午 org.apache.catalina.core.ApplicationContext log
信息: Initializing filter: webx
十一月 28, 2017 5:36:02 下午 org.apache.catalina.core.ApplicationContext log
信息: WebxFrameworkFilter - webx: initialization completed
十一月 28, 2017 5:36:02 下午 org.apache.catalina.core.ApplicationContext log
信息: Initializing filter: mdc
十一月 28, 2017 5:36:02 下午 org.apache.catalina.core.ApplicationContext log
信息: SetLoggingContextFilter - mdc: initialization completed
十一月 28, 2017 5:36:02 下午 org.apache.catalina.core.ApplicationContext log
信息: ContextListener: contextInitialized()
十一月 28, 2017 5:36:02 下午 org.apache.catalina.core.ApplicationContext log
信息: SessionListener: contextInitialized()
十一月 28, 2017 5:36:02 下午 org.apache.catalina.core.ApplicationContext log
信息: ContextListener: attributeAdded('org.apache.jasper.compiler.TldLocationsCache', 'org.apache.jasper.compiler.TldLocationsCache@9d8b1ec')
