五月 14, 2018 9:05:54 下午 org.apache.catalina.core.ApplicationContext log
信息: No Spring WebApplicationInitializer types detected on classpath
五月 14, 2018 9:05:54 下午 org.apache.catalina.core.ApplicationContext log
信息: Initializing log4j system
五月 14, 2018 9:05:54 下午 org.apache.catalina.core.ApplicationContext log
信息: Initializing Spring root WebApplicationContext
五月 14, 2018 9:05:58 下午 org.apache.catalina.core.ApplicationContext log
信息: Initializing Spring sub WebApplicationContext: sysmanage
五月 14, 2018 9:05:59 下午 org.apache.catalina.core.ApplicationContext log
信息: Initializing Spring sub WebApplicationContext: sysinfo
五月 14, 2018 9:06:00 下午 org.apache.catalina.core.ApplicationContext log
信息: Initializing Spring sub WebApplicationContext: personal
五月 14, 2018 9:06:01 下午 org.apache.catalina.core.ApplicationContext log
信息: Initializing Spring sub WebApplicationContext: governance
五月 14, 2018 9:06:02 下午 org.apache.catalina.core.ApplicationContext log
信息: Initializing Spring sub WebApplicationContext: home
五月 14, 2018 9:06:03 下午 org.apache.catalina.core.ApplicationContext log
信息: WebxComponents: initialization completed
五月 14, 2018 9:06:03 下午 org.apache.catalina.core.ApplicationContext log
信息: Initializing filter: webx
五月 14, 2018 9:06:03 下午 org.apache.catalina.core.ApplicationContext log
信息: WebxFrameworkFilter - webx: initialization completed
五月 14, 2018 9:06:03 下午 org.apache.catalina.core.ApplicationContext log
信息: Initializing filter: mdc
五月 14, 2018 9:06:03 下午 org.apache.catalina.core.ApplicationContext log
信息: SetLoggingContextFilter - mdc: initialization completed
五月 14, 2018 9:06:04 下午 org.apache.catalina.core.ApplicationContext log
信息: ContextListener: contextInitialized()
五月 14, 2018 9:06:04 下午 org.apache.catalina.core.ApplicationContext log
信息: SessionListener: contextInitialized()
五月 14, 2018 9:06:04 下午 org.apache.catalina.core.ApplicationContext log
信息: ContextListener: attributeAdded('org.apache.jasper.compiler.TldLocationsCache', 'org.apache.jasper.compiler.TldLocationsCache@3bd8d428')
