五月 10, 2018 10:20:25 下午 org.apache.catalina.core.ApplicationContext log
信息: No Spring WebApplicationInitializer types detected on classpath
五月 10, 2018 10:20:25 下午 org.apache.catalina.core.ApplicationContext log
信息: Initializing log4j system
五月 10, 2018 10:20:25 下午 org.apache.catalina.core.ApplicationContext log
信息: Initializing Spring root WebApplicationContext
五月 10, 2018 10:20:29 下午 org.apache.catalina.core.ApplicationContext log
信息: Initializing Spring sub WebApplicationContext: sysmanage
五月 10, 2018 10:20:31 下午 org.apache.catalina.core.ApplicationContext log
信息: Initializing Spring sub WebApplicationContext: sysinfo
五月 10, 2018 10:20:32 下午 org.apache.catalina.core.ApplicationContext log
信息: Initializing Spring sub WebApplicationContext: personal
五月 10, 2018 10:20:33 下午 org.apache.catalina.core.ApplicationContext log
信息: Initializing Spring sub WebApplicationContext: governance
五月 10, 2018 10:20:34 下午 org.apache.catalina.core.ApplicationContext log
信息: Initializing Spring sub WebApplicationContext: home
五月 10, 2018 10:20:35 下午 org.apache.catalina.core.ApplicationContext log
信息: WebxComponents: initialization completed
五月 10, 2018 10:20:35 下午 org.apache.catalina.core.ApplicationContext log
信息: Initializing filter: webx
五月 10, 2018 10:20:35 下午 org.apache.catalina.core.ApplicationContext log
信息: WebxFrameworkFilter - webx: initialization completed
五月 10, 2018 10:20:35 下午 org.apache.catalina.core.ApplicationContext log
信息: Initializing filter: mdc
五月 10, 2018 10:20:35 下午 org.apache.catalina.core.ApplicationContext log
信息: SetLoggingContextFilter - mdc: initialization completed
五月 10, 2018 10:20:35 下午 org.apache.catalina.core.ApplicationContext log
信息: ContextListener: contextInitialized()
五月 10, 2018 10:20:35 下午 org.apache.catalina.core.ApplicationContext log
信息: SessionListener: contextInitialized()
五月 10, 2018 10:20:35 下午 org.apache.catalina.core.ApplicationContext log
信息: ContextListener: attributeAdded('org.apache.jasper.compiler.TldLocationsCache', 'org.apache.jasper.compiler.TldLocationsCache@29f3036a')
