十月 15, 2017 4:41:33 下午 org.apache.catalina.core.ApplicationContext log
信息: No Spring WebApplicationInitializer types detected on classpath
十月 15, 2017 4:41:33 下午 org.apache.catalina.core.ApplicationContext log
信息: Initializing log4j system
十月 15, 2017 4:41:33 下午 org.apache.catalina.core.ApplicationContext log
信息: Initializing Spring root WebApplicationContext
十月 15, 2017 4:41:38 下午 org.apache.catalina.core.ApplicationContext log
信息: Initializing Spring sub WebApplicationContext: sysmanage
十月 15, 2017 4:41:40 下午 org.apache.catalina.core.ApplicationContext log
信息: Initializing Spring sub WebApplicationContext: sysinfo
十月 15, 2017 4:41:41 下午 org.apache.catalina.core.ApplicationContext log
信息: Initializing Spring sub WebApplicationContext: personal
十月 15, 2017 4:41:42 下午 org.apache.catalina.core.ApplicationContext log
信息: Initializing Spring sub WebApplicationContext: governance
十月 15, 2017 4:41:43 下午 org.apache.catalina.core.ApplicationContext log
信息: Initializing Spring sub WebApplicationContext: home
十月 15, 2017 4:41:44 下午 org.apache.catalina.core.ApplicationContext log
信息: WebxComponents: initialization completed
十月 15, 2017 4:41:44 下午 org.apache.catalina.core.ApplicationContext log
信息: Initializing filter: webx
十月 15, 2017 4:41:44 下午 org.apache.catalina.core.ApplicationContext log
信息: WebxFrameworkFilter - webx: initialization completed
十月 15, 2017 4:41:44 下午 org.apache.catalina.core.ApplicationContext log
信息: Initializing filter: mdc
十月 15, 2017 4:41:44 下午 org.apache.catalina.core.ApplicationContext log
信息: SetLoggingContextFilter - mdc: initialization completed
十月 15, 2017 4:41:45 下午 org.apache.catalina.core.ApplicationContext log
信息: ContextListener: contextInitialized()
十月 15, 2017 4:41:45 下午 org.apache.catalina.core.ApplicationContext log
信息: SessionListener: contextInitialized()
十月 15, 2017 4:41:45 下午 org.apache.catalina.core.ApplicationContext log
信息: ContextListener: attributeAdded('org.apache.jasper.compiler.TldLocationsCache', 'org.apache.jasper.compiler.TldLocationsCache@19330eff')
十月 15, 2017 4:41:45 下午 org.apache.catalina.core.ApplicationContext log
信息: Closing Spring root WebApplicationContext
十月 15, 2017 4:41:45 下午 org.apache.catalina.core.ApplicationContext log
信息: Shutting down log system
十月 15, 2017 4:41:45 下午 org.apache.catalina.core.ApplicationContext log
信息: SessionListener: contextDestroyed()
十月 15, 2017 4:41:45 下午 org.apache.catalina.core.ApplicationContext log
信息: ContextListener: contextDestroyed()
十月 15, 2017 4:45:56 下午 org.apache.catalina.core.ApplicationContext log
信息: No Spring WebApplicationInitializer types detected on classpath
十月 15, 2017 4:45:56 下午 org.apache.catalina.core.ApplicationContext log
信息: Initializing log4j system
十月 15, 2017 4:45:56 下午 org.apache.catalina.core.ApplicationContext log
信息: Initializing Spring root WebApplicationContext
十月 15, 2017 4:46:02 下午 org.apache.catalina.core.ApplicationContext log
信息: Initializing Spring sub WebApplicationContext: sysmanage
十月 15, 2017 4:46:03 下午 org.apache.catalina.core.ApplicationContext log
信息: Initializing Spring sub WebApplicationContext: sysinfo
十月 15, 2017 4:46:05 下午 org.apache.catalina.core.ApplicationContext log
信息: Initializing Spring sub WebApplicationContext: personal
十月 15, 2017 4:46:06 下午 org.apache.catalina.core.ApplicationContext log
信息: Initializing Spring sub WebApplicationContext: governance
十月 15, 2017 4:46:07 下午 org.apache.catalina.core.ApplicationContext log
信息: Initializing Spring sub WebApplicationContext: home
十月 15, 2017 4:46:08 下午 org.apache.catalina.core.ApplicationContext log
信息: WebxComponents: initialization completed
十月 15, 2017 4:46:08 下午 org.apache.catalina.core.ApplicationContext log
信息: Initializing filter: webx
十月 15, 2017 4:46:08 下午 org.apache.catalina.core.ApplicationContext log
信息: WebxFrameworkFilter - webx: initialization completed
十月 15, 2017 4:46:08 下午 org.apache.catalina.core.ApplicationContext log
信息: Initializing filter: mdc
十月 15, 2017 4:46:08 下午 org.apache.catalina.core.ApplicationContext log
信息: SetLoggingContextFilter - mdc: initialization completed
十月 15, 2017 4:46:08 下午 org.apache.catalina.core.ApplicationContext log
信息: ContextListener: contextInitialized()
十月 15, 2017 4:46:08 下午 org.apache.catalina.core.ApplicationContext log
信息: SessionListener: contextInitialized()
十月 15, 2017 4:46:08 下午 org.apache.catalina.core.ApplicationContext log
信息: ContextListener: attributeAdded('org.apache.jasper.compiler.TldLocationsCache', 'org.apache.jasper.compiler.TldLocationsCache@58cefe05')
十月 15, 2017 10:55:09 下午 org.apache.catalina.core.ApplicationContext log
信息: Closing Spring root WebApplicationContext
十月 15, 2017 10:55:09 下午 org.apache.catalina.core.ApplicationContext log
信息: Shutting down log system
十月 15, 2017 10:55:09 下午 org.apache.catalina.core.ApplicationContext log
信息: SessionListener: contextDestroyed()
十月 15, 2017 10:55:09 下午 org.apache.catalina.core.ApplicationContext log
信息: ContextListener: contextDestroyed()
